{"numTotalTestSuites":196,"numPassedTestSuites":188,"numFailedTestSuites":8,"numPendingTestSuites":0,"numTotalTests":499,"numPassedTests":494,"numFailedTests":5,"numPendingTests":0,"numTodoTests":0,"snapshot":{"added":0,"failure":false,"filesAdded":0,"filesRemoved":0,"filesRemovedList":[],"filesUnmatched":0,"filesUpdated":0,"matched":0,"total":0,"unchecked":0,"uncheckedKeysByFile":[],"unmatched":0,"updated":0,"didUpdate":false},"startTime":1765446617097,"success":false,"testResults":[{"assertionResults":[{"ancestorTitles":["scheduler bug reproduction"],"fullName":"scheduler bug reproduction should graduate after the last learning step","status":"passed","title":"should graduate after the last learning step","duration":3.1575419999999212,"failureMessages":[],"meta":{}},{"ancestorTitles":["persistence check"],"fullName":"persistence check should preserve learningStep: 0 through mapToCard","status":"passed","title":"should preserve learningStep: 0 through mapToCard","duration":1.4197910000002594,"failureMessages":[],"meta":{}},{"ancestorTitles":["persistence check"],"fullName":"persistence check should preserve learningStep: 1 through mapToCard","status":"passed","title":"should preserve learningStep: 1 through mapToCard","duration":0.18687500000032742,"failureMessages":[],"meta":{}},{"ancestorTitles":["persistence check"],"fullName":"persistence check should handle missing learningStep as undefined","status":"passed","title":"should handle missing learningStep as undefined","duration":0.17950000000018917,"failureMessages":[],"meta":{}}],"startTime":1765446625318,"endTime":1765446625323.1868,"status":"passed","message":"","name":"/Users/albertotrigo/Documents/polskimine/src/reproduction.test.ts"},{"assertionResults":[{"ancestorTitles":["Dexie Refactor Verification"],"fullName":"Dexie Refactor Verification should initialize the database with correct tables","status":"passed","title":"should initialize the database with correct tables","duration":0.8788749999999936,"failureMessages":[],"meta":{}},{"ancestorTitles":["Dexie Refactor Verification"],"fullName":"Dexie Refactor Verification should have correct version 8 schema","status":"passed","title":"should have correct version 8 schema","duration":1.9066669999999704,"failureMessages":[],"meta":{}},{"ancestorTitles":["Dexie Refactor Verification"],"fullName":"Dexie Refactor Verification should generate valid IDs","status":"passed","title":"should generate valid IDs","duration":0.5302919999999176,"failureMessages":[],"meta":{}},{"ancestorTitles":["Dexie Refactor Verification"],"fullName":"Dexie Refactor Verification should hash passwords securely","status":"passed","title":"should hash passwords securely","duration":3.9754590000000007,"failureMessages":[],"meta":{}}],"startTime":1765446625090,"endTime":1765446625097.9753,"status":"passed","message":"","name":"/Users/albertotrigo/Documents/polskimine/src/db/dexie.test.ts"},{"assertionResults":[{"ancestorTitles":["fsrsOptimizer"],"fullName":"fsrsOptimizer should run optimization successfully","status":"passed","title":"should run optimization successfully","duration":14.632249999999999,"failureMessages":[],"meta":{}},{"ancestorTitles":["fsrsOptimizer"],"fullName":"fsrsOptimizer should handle worker errors","status":"passed","title":"should handle worker errors","duration":12.469749999999976,"failureMessages":[],"meta":{}}],"startTime":1765446622488,"endTime":1765446622514.4697,"status":"passed","message":"","name":"/Users/albertotrigo/Documents/polskimine/src/lib/fsrsOptimizer.test.ts"},{"assertionResults":[{"ancestorTitles":["fsrsShared","getRetrievability"],"fullName":"fsrsShared getRetrievability should return 0 if stability is <= 0","status":"passed","title":"should return 0 if stability is <= 0","duration":0.8738749999999982,"failureMessages":[],"meta":{}},{"ancestorTitles":["fsrsShared","getRetrievability"],"fullName":"fsrsShared getRetrievability should calculate retrievability correctly","status":"passed","title":"should calculate retrievability correctly","duration":0.11191699999994853,"failureMessages":[],"meta":{}},{"ancestorTitles":["fsrsShared","getRetrievability"],"fullName":"fsrsShared getRetrievability should decrease as elapsed time increases","status":"passed","title":"should decrease as elapsed time increases","duration":0.093166999999994,"failureMessages":[],"meta":{}},{"ancestorTitles":["fsrsShared","getRetrievability"],"fullName":"fsrsShared getRetrievability should return ~0.9 at stability equals elapsed days (FSRS default)","status":"passed","title":"should return ~0.9 at stability equals elapsed days (FSRS default)","duration":0.0701249999999618,"failureMessages":[],"meta":{}},{"ancestorTitles":["fsrsShared","getRetrievability"],"fullName":"fsrsShared getRetrievability should handle very small stability","status":"passed","title":"should handle very small stability","duration":0.12783300000000963,"failureMessages":[],"meta":{}},{"ancestorTitles":["fsrsShared","getRetrievability"],"fullName":"fsrsShared getRetrievability should handle very large stability","status":"passed","title":"should handle very large stability","duration":0.12741699999992306,"failureMessages":[],"meta":{}},{"ancestorTitles":["fsrsShared","getRetrievability"],"fullName":"fsrsShared getRetrievability should handle very large elapsed days","status":"passed","title":"should handle very large elapsed days","duration":0.2562920000000304,"failureMessages":[],"meta":{}},{"ancestorTitles":["fsrsShared","getRetrievability"],"fullName":"fsrsShared getRetrievability should return 1 when elapsed days is 0","status":"passed","title":"should return 1 when elapsed days is 0","duration":0.11850000000004002,"failureMessages":[],"meta":{}},{"ancestorTitles":["fsrsShared","getRetrievability"],"fullName":"fsrsShared getRetrievability should approach 0 for very large elapsed/stability ratios","status":"passed","title":"should approach 0 for very large elapsed/stability ratios","duration":0.27904100000000653,"failureMessages":[],"meta":{}},{"ancestorTitles":["fsrsShared","getRetrievability"],"fullName":"fsrsShared getRetrievability should handle fractional days","status":"passed","title":"should handle fractional days","duration":0.09620799999993324,"failureMessages":[],"meta":{}},{"ancestorTitles":["fsrsShared","getRetrievability"],"fullName":"fsrsShared getRetrievability should be monotonically decreasing with elapsed time","status":"passed","title":"should be monotonically decreasing with elapsed time","duration":0.1955000000000382,"failureMessages":[],"meta":{}},{"ancestorTitles":["fsrsShared","getRetrievability"],"fullName":"fsrsShared getRetrievability should achieve 90% retention at specific stability/elapsed ratio","status":"passed","title":"should achieve 90% retention at specific stability/elapsed ratio","duration":0.0388749999999618,"failureMessages":[],"meta":{}},{"ancestorTitles":["fsrsShared","getRetrievability"],"fullName":"fsrsShared getRetrievability should achieve ~70% retention at appropriate elapsed time","status":"passed","title":"should achieve ~70% retention at appropriate elapsed time","duration":0.0342080000000351,"failureMessages":[],"meta":{}},{"ancestorTitles":["fsrsShared","nextStability"],"fullName":"fsrsShared nextStability should calculate next stability for rating 1 (Again)","status":"passed","title":"should calculate next stability for rating 1 (Again)","duration":0.09320800000000418,"failureMessages":[],"meta":{}},{"ancestorTitles":["fsrsShared","nextStability"],"fullName":"fsrsShared nextStability should calculate next stability for rating 3 (Good)","status":"passed","title":"should calculate next stability for rating 3 (Good)","duration":0.04483400000003712,"failureMessages":[],"meta":{}},{"ancestorTitles":["fsrsShared","nextStability"],"fullName":"fsrsShared nextStability should verify bonus for Easy (rating 4)","status":"passed","title":"should verify bonus for Easy (rating 4)","duration":0.04229200000008859,"failureMessages":[],"meta":{}},{"ancestorTitles":["fsrsShared","nextStability"],"fullName":"fsrsShared nextStability should verify penalty for Hard (rating 2)","status":"passed","title":"should verify penalty for Hard (rating 2)","duration":0.038250000000061846,"failureMessages":[],"meta":{}},{"ancestorTitles":["fsrsShared","nextStability"],"fullName":"fsrsShared nextStability should handle stability = 0","status":"failed","title":"should handle stability = 0","duration":8.640166000000136,"failureMessages":["AssertionError: expected false to be true // Object.is equality\n    at /Users/albertotrigo/Documents/polskimine/src/lib/fsrsShared.test.ts:181:37\n    at file:///Users/albertotrigo/Documents/polskimine/node_modules/@vitest/runner/dist/index.js:157:11\n    at file:///Users/albertotrigo/Documents/polskimine/node_modules/@vitest/runner/dist/index.js:753:26\n    at file:///Users/albertotrigo/Documents/polskimine/node_modules/@vitest/runner/dist/index.js:1636:20\n    at new Promise (<anonymous>)\n    at runWithTimeout (file:///Users/albertotrigo/Documents/polskimine/node_modules/@vitest/runner/dist/index.js:1602:10)\n    at runTest (file:///Users/albertotrigo/Documents/polskimine/node_modules/@vitest/runner/dist/index.js:1309:12)\n    at processTicksAndRejections (node:internal/process/task_queues:105:5)\n    at runSuite (file:///Users/albertotrigo/Documents/polskimine/node_modules/@vitest/runner/dist/index.js:1468:8)\n    at runSuite (file:///Users/albertotrigo/Documents/polskimine/node_modules/@vitest/runner/dist/index.js:1468:8)"],"meta":{}},{"ancestorTitles":["fsrsShared","nextStability"],"fullName":"fsrsShared nextStability should handle stability near 0","status":"passed","title":"should handle stability near 0","duration":0.14741600000002109,"failureMessages":[],"meta":{}},{"ancestorTitles":["fsrsShared","nextStability"],"fullName":"fsrsShared nextStability should handle difficulty = 1 (minimum)","status":"passed","title":"should handle difficulty = 1 (minimum)","duration":0.07004200000005767,"failureMessages":[],"meta":{}},{"ancestorTitles":["fsrsShared","nextStability"],"fullName":"fsrsShared nextStability should handle difficulty = 10 (maximum)","status":"passed","title":"should handle difficulty = 10 (maximum)","duration":0.055499999999938154,"failureMessages":[],"meta":{}},{"ancestorTitles":["fsrsShared","nextStability"],"fullName":"fsrsShared nextStability should handle retrievability = 0","status":"passed","title":"should handle retrievability = 0","duration":0.31529199999999946,"failureMessages":[],"meta":{}},{"ancestorTitles":["fsrsShared","nextStability"],"fullName":"fsrsShared nextStability should handle retrievability = 1","status":"passed","title":"should handle retrievability = 1","duration":0.5907910000000811,"failureMessages":[],"meta":{}},{"ancestorTitles":["fsrsShared","nextStability"],"fullName":"fsrsShared nextStability should handle very low retrievability","status":"passed","title":"should handle very low retrievability","duration":0.09258300000010422,"failureMessages":[],"meta":{}},{"ancestorTitles":["fsrsShared","nextStability"],"fullName":"fsrsShared nextStability should handle very high stability","status":"passed","title":"should handle very high stability","duration":0.08966699999996308,"failureMessages":[],"meta":{}},{"ancestorTitles":["fsrsShared","nextStability"],"fullName":"fsrsShared nextStability should always return positive stability for Again","status":"passed","title":"should always return positive stability for Again","duration":0.6202919999998358,"failureMessages":[],"meta":{}},{"ancestorTitles":["fsrsShared","nextStability"],"fullName":"fsrsShared nextStability should increase stability for Good/Easy on review cards","status":"passed","title":"should increase stability for Good/Easy on review cards","duration":0.08487500000001091,"failureMessages":[],"meta":{}},{"ancestorTitles":["fsrsShared","nextStability"],"fullName":"fsrsShared nextStability should decrease stability on Again","status":"passed","title":"should decrease stability on Again","duration":0.04549999999994725,"failureMessages":[],"meta":{}},{"ancestorTitles":["fsrsShared","nextDifficulty"],"fullName":"fsrsShared nextDifficulty should decrease difficulty for Easy (4)","status":"passed","title":"should decrease difficulty for Easy (4)","duration":0.06362500000000182,"failureMessages":[],"meta":{}},{"ancestorTitles":["fsrsShared","nextDifficulty"],"fullName":"fsrsShared nextDifficulty should increase difficulty for Hard (2)","status":"passed","title":"should increase difficulty for Hard (2)","duration":0.03570799999988594,"failureMessages":[],"meta":{}},{"ancestorTitles":["fsrsShared","nextDifficulty"],"fullName":"fsrsShared nextDifficulty should clamp difficulty between 1 and 10","status":"passed","title":"should clamp difficulty between 1 and 10","duration":0.05020799999988412,"failureMessages":[],"meta":{}},{"ancestorTitles":["fsrsShared","nextDifficulty"],"fullName":"fsrsShared nextDifficulty should handle difficulty = 0","status":"passed","title":"should handle difficulty = 0","duration":0.11879199999998491,"failureMessages":[],"meta":{}},{"ancestorTitles":["fsrsShared","nextDifficulty"],"fullName":"fsrsShared nextDifficulty should handle difficulty = 1 with Easy","status":"passed","title":"should handle difficulty = 1 with Easy","duration":0.03274999999985084,"failureMessages":[],"meta":{}},{"ancestorTitles":["fsrsShared","nextDifficulty"],"fullName":"fsrsShared nextDifficulty should handle difficulty = 10 with Again","status":"passed","title":"should handle difficulty = 10 with Again","duration":0.030457999999953245,"failureMessages":[],"meta":{}},{"ancestorTitles":["fsrsShared","nextDifficulty"],"fullName":"fsrsShared nextDifficulty should handle extreme difficulty values","status":"passed","title":"should handle extreme difficulty values","duration":0.3680419999998321,"failureMessages":[],"meta":{}},{"ancestorTitles":["fsrsShared","nextDifficulty"],"fullName":"fsrsShared nextDifficulty should keep difficulty stable for Good (3)","status":"passed","title":"should keep difficulty stable for Good (3)","duration":0.08904199999983575,"failureMessages":[],"meta":{}},{"ancestorTitles":["fsrsShared","nextDifficulty"],"fullName":"fsrsShared nextDifficulty should handle all ratings 1-4","status":"passed","title":"should handle all ratings 1-4","duration":0.11187500000005457,"failureMessages":[],"meta":{}},{"ancestorTitles":["fsrsShared","nextDifficulty"],"fullName":"fsrsShared nextDifficulty should monotonically decrease with higher ratings","status":"passed","title":"should monotonically decrease with higher ratings","duration":0.058708000000024185,"failureMessages":[],"meta":{}},{"ancestorTitles":["fsrsShared","computeCardLoss"],"fullName":"fsrsShared computeCardLoss should return a number","status":"passed","title":"should return a number","duration":0.6807909999999993,"failureMessages":[],"meta":{}},{"ancestorTitles":["fsrsShared","computeCardLoss"],"fullName":"fsrsShared computeCardLoss should return 0 for empty logs","status":"passed","title":"should return 0 for empty logs","duration":0.1336670000000595,"failureMessages":[],"meta":{}},{"ancestorTitles":["fsrsShared","computeCardLoss"],"fullName":"fsrsShared computeCardLoss should handle single log entry","status":"passed","title":"should handle single log entry","duration":0.13800000000014734,"failureMessages":[],"meta":{}},{"ancestorTitles":["fsrsShared","computeCardLoss"],"fullName":"fsrsShared computeCardLoss should handle only state 0 and 1 logs (learning)","status":"passed","title":"should handle only state 0 and 1 logs (learning)","duration":0.5865830000000187,"failureMessages":[],"meta":{}},{"ancestorTitles":["fsrsShared","computeCardLoss"],"fullName":"fsrsShared computeCardLoss should handle review state logs (state >= 2)","status":"passed","title":"should handle review state logs (state >= 2)","duration":0.2470419999999649,"failureMessages":[],"meta":{}},{"ancestorTitles":["fsrsShared","computeCardLoss"],"fullName":"fsrsShared computeCardLoss should return higher loss for incorrect answers","status":"passed","title":"should return higher loss for incorrect answers","duration":0.3786670000001777,"failureMessages":[],"meta":{}},{"ancestorTitles":["fsrsShared","computeCardLoss"],"fullName":"fsrsShared computeCardLoss should handle very large elapsed days","status":"passed","title":"should handle very large elapsed days","duration":0.15724999999997635,"failureMessages":[],"meta":{}},{"ancestorTitles":["fsrsShared","computeCardLoss"],"fullName":"fsrsShared computeCardLoss should handle all grades 1-4","status":"passed","title":"should handle all grades 1-4","duration":0.4320829999999205,"failureMessages":[],"meta":{}},{"ancestorTitles":["fsrsShared","computeCardLoss"],"fullName":"fsrsShared computeCardLoss should handle long review history","status":"passed","title":"should handle long review history","duration":0.6283339999999953,"failureMessages":[],"meta":{}},{"ancestorTitles":["fsrsShared","clampWeight"],"fullName":"fsrsShared clampWeight should clamp values","status":"passed","title":"should clamp values","duration":0.2986249999999018,"failureMessages":[],"meta":{}},{"ancestorTitles":["fsrsShared","clampWeight"],"fullName":"fsrsShared clampWeight should handle 0","status":"passed","title":"should handle 0","duration":0.0970830000001115,"failureMessages":[],"meta":{}},{"ancestorTitles":["fsrsShared","clampWeight"],"fullName":"fsrsShared clampWeight should handle negative values","status":"passed","title":"should handle negative values","duration":0.09370899999998983,"failureMessages":[],"meta":{}},{"ancestorTitles":["fsrsShared","clampWeight"],"fullName":"fsrsShared clampWeight should handle very large values","status":"passed","title":"should handle very large values","duration":0.09170799999992596,"failureMessages":[],"meta":{}},{"ancestorTitles":["fsrsShared","clampWeight"],"fullName":"fsrsShared clampWeight should handle exact boundaries","status":"passed","title":"should handle exact boundaries","duration":0.12370900000018992,"failureMessages":[],"meta":{}},{"ancestorTitles":["fsrsShared","clampWeight"],"fullName":"fsrsShared clampWeight should handle values just inside boundaries","status":"passed","title":"should handle values just inside boundaries","duration":0.13899999999989632,"failureMessages":[],"meta":{}},{"ancestorTitles":["fsrsShared","clampWeight"],"fullName":"fsrsShared clampWeight should handle NaN","status":"passed","title":"should handle NaN","duration":0.11133299999983137,"failureMessages":[],"meta":{}},{"ancestorTitles":["fsrsShared","clampWeight"],"fullName":"fsrsShared clampWeight should handle Infinity","status":"passed","title":"should handle Infinity","duration":0.12400000000002365,"failureMessages":[],"meta":{}},{"ancestorTitles":["fsrsShared","runOptimizerIteration"],"fullName":"fsrsShared runOptimizerIteration should return updated weights","status":"passed","title":"should return updated weights","duration":2.252040999999963,"failureMessages":[],"meta":{}},{"ancestorTitles":["fsrsShared","runOptimizerIteration"],"fullName":"fsrsShared runOptimizerIteration should handle empty batch","status":"passed","title":"should handle empty batch","duration":1.9533339999998134,"failureMessages":[],"meta":{}},{"ancestorTitles":["fsrsShared","runOptimizerIteration"],"fullName":"fsrsShared runOptimizerIteration should handle single card batch","status":"passed","title":"should handle single card batch","duration":2.1525829999998223,"failureMessages":[],"meta":{}},{"ancestorTitles":["fsrsShared","runOptimizerIteration"],"fullName":"fsrsShared runOptimizerIteration should handle large batch","status":"passed","title":"should handle large batch","duration":4.370916999999963,"failureMessages":[],"meta":{}},{"ancestorTitles":["fsrsShared","runOptimizerIteration"],"fullName":"fsrsShared runOptimizerIteration should respect target indices","status":"passed","title":"should respect target indices","duration":0.5778749999999491,"failureMessages":[],"meta":{}},{"ancestorTitles":["fsrsShared","runOptimizerIteration"],"fullName":"fsrsShared runOptimizerIteration should handle empty target indices","status":"passed","title":"should handle empty target indices","duration":0.2244580000001406,"failureMessages":[],"meta":{}},{"ancestorTitles":["fsrsShared","runOptimizerIteration"],"fullName":"fsrsShared runOptimizerIteration should handle zero learning rate","status":"passed","title":"should handle zero learning rate","duration":0.11629100000004655,"failureMessages":[],"meta":{}},{"ancestorTitles":["fsrsShared","runOptimizerIteration"],"fullName":"fsrsShared runOptimizerIteration should clamp weights to valid bounds","status":"failed","title":"should clamp weights to valid bounds","duration":1.5965419999999995,"failureMessages":["AssertionError: expected 0.001 to be greater than or equal to 0.01\n    at /Users/albertotrigo/Documents/polskimine/src/lib/fsrsShared.test.ts:594:21\n    at file:///Users/albertotrigo/Documents/polskimine/node_modules/@vitest/runner/dist/index.js:157:11\n    at file:///Users/albertotrigo/Documents/polskimine/node_modules/@vitest/runner/dist/index.js:753:26\n    at file:///Users/albertotrigo/Documents/polskimine/node_modules/@vitest/runner/dist/index.js:1636:20\n    at new Promise (<anonymous>)\n    at runWithTimeout (file:///Users/albertotrigo/Documents/polskimine/node_modules/@vitest/runner/dist/index.js:1602:10)\n    at runTest (file:///Users/albertotrigo/Documents/polskimine/node_modules/@vitest/runner/dist/index.js:1309:12)\n    at processTicksAndRejections (node:internal/process/task_queues:105:5)\n    at runSuite (file:///Users/albertotrigo/Documents/polskimine/node_modules/@vitest/runner/dist/index.js:1468:8)\n    at runSuite (file:///Users/albertotrigo/Documents/polskimine/node_modules/@vitest/runner/dist/index.js:1468:8)"],"meta":{}},{"ancestorTitles":["fsrsShared","Constants"],"fullName":"fsrsShared Constants should have correct DECAY value","status":"passed","title":"should have correct DECAY value","duration":0.09216599999990649,"failureMessages":[],"meta":{}},{"ancestorTitles":["fsrsShared","Constants"],"fullName":"fsrsShared Constants should have correct FACTOR value","status":"passed","title":"should have correct FACTOR value","duration":0.058708000000024185,"failureMessages":[],"meta":{}},{"ancestorTitles":["fsrsShared","Constants"],"fullName":"fsrsShared Constants should have valid WEIGHT_BOUNDS","status":"passed","title":"should have valid WEIGHT_BOUNDS","duration":0.04666699999984303,"failureMessages":[],"meta":{}},{"ancestorTitles":["fsrsShared","Constants"],"fullName":"fsrsShared Constants should have valid OPTIMIZER_CONFIG","status":"passed","title":"should have valid OPTIMIZER_CONFIG","duration":0.0679170000000795,"failureMessages":[],"meta":{}}],"startTime":1765446618270,"endTime":1765446618305.0679,"status":"failed","message":"","name":"/Users/albertotrigo/Documents/polskimine/src/lib/fsrsShared.test.ts"},{"assertionResults":[{"ancestorTitles":["Bug Reproduction: Incorrect State Inference for Learning Cards"],"fullName":"Bug Reproduction: Incorrect State Inference for Learning Cards should not reclassify a Learning card as Relearning after a failure","status":"passed","title":"should not reclassify a Learning card as Relearning after a failure","duration":1.0337919999999485,"failureMessages":[],"meta":{}}],"startTime":1765446627144,"endTime":1765446627145.0337,"status":"passed","message":"","name":"/Users/albertotrigo/Documents/polskimine/src/core/srs/bugReproduction.test.ts"},{"assertionResults":[{"ancestorTitles":["sortCards - Comprehensive Edge Cases","Boundary Conditions"],"fullName":"sortCards - Comprehensive Edge Cases Boundary Conditions should return empty array for empty input","status":"passed","title":"should return empty array for empty input","duration":3.0460409999999456,"failureMessages":[],"meta":{}},{"ancestorTitles":["sortCards - Comprehensive Edge Cases","Boundary Conditions"],"fullName":"sortCards - Comprehensive Edge Cases Boundary Conditions should handle single new card","status":"passed","title":"should handle single new card","duration":0.8844169999999849,"failureMessages":[],"meta":{}},{"ancestorTitles":["sortCards - Comprehensive Edge Cases","Boundary Conditions"],"fullName":"sortCards - Comprehensive Edge Cases Boundary Conditions should handle single review card","status":"passed","title":"should handle single review card","duration":0.2964169999999058,"failureMessages":[],"meta":{}},{"ancestorTitles":["sortCards - Comprehensive Edge Cases","Boundary Conditions"],"fullName":"sortCards - Comprehensive Edge Cases Boundary Conditions should handle single learning card","status":"passed","title":"should handle single learning card","duration":0.204166999999984,"failureMessages":[],"meta":{}},{"ancestorTitles":["sortCards - Comprehensive Edge Cases","Boundary Conditions"],"fullName":"sortCards - Comprehensive Edge Cases Boundary Conditions should handle very large deck (100+ cards)","status":"passed","title":"should handle very large deck (100+ cards)","duration":13.284166000000027,"failureMessages":[],"meta":{}},{"ancestorTitles":["sortCards - Comprehensive Edge Cases","All New Cards Only"],"fullName":"sortCards - Comprehensive Edge Cases All New Cards Only should sort new cards by due date","status":"passed","title":"should sort new cards by due date","duration":0.17449999999996635,"failureMessages":[],"meta":{}},{"ancestorTitles":["sortCards - Comprehensive Edge Cases","All New Cards Only"],"fullName":"sortCards - Comprehensive Edge Cases All New Cards Only should maintain order with same due dates (stable sort by id)","status":"passed","title":"should maintain order with same due dates (stable sort by id)","duration":0.15112499999997908,"failureMessages":[],"meta":{}},{"ancestorTitles":["sortCards - Comprehensive Edge Cases","All Review Cards Only"],"fullName":"sortCards - Comprehensive Edge Cases All Review Cards Only should sort review cards by due date by default","status":"passed","title":"should sort review cards by due date by default","duration":0.19799999999997908,"failureMessages":[],"meta":{}},{"ancestorTitles":["sortCards - Comprehensive Edge Cases","All Learning Cards Only"],"fullName":"sortCards - Comprehensive Edge Cases All Learning Cards Only should sort learning cards by due date","status":"passed","title":"should sort learning cards by due date","duration":0.27637500000003,"failureMessages":[],"meta":{}},{"ancestorTitles":["sortCards - Comprehensive Edge Cases","All Learning Cards Only"],"fullName":"sortCards - Comprehensive Edge Cases All Learning Cards Only should not reverse learning cards when review queue is empty","status":"passed","title":"should not reverse learning cards when review queue is empty","duration":0.09562500000004093,"failureMessages":[],"meta":{}},{"ancestorTitles":["sortCards - Comprehensive Edge Cases","Mixed Card Types"],"fullName":"sortCards - Comprehensive Edge Cases Mixed Card Types should interleave all card types correctly","status":"passed","title":"should interleave all card types correctly","duration":0.2904999999999518,"failureMessages":[],"meta":{}},{"ancestorTitles":["sortCards - Comprehensive Edge Cases","Mixed Card Types"],"fullName":"sortCards - Comprehensive Edge Cases Mixed Card Types should handle mix of new and review only","status":"passed","title":"should handle mix of new and review only","duration":0.06933400000002621,"failureMessages":[],"meta":{}},{"ancestorTitles":["sortCards - Comprehensive Edge Cases","Overdueness Sorting"],"fullName":"sortCards - Comprehensive Edge Cases Overdueness Sorting should sort more overdue cards first","status":"passed","title":"should sort more overdue cards first","duration":0.10066600000004655,"failureMessages":[],"meta":{}},{"ancestorTitles":["sortCards - Comprehensive Edge Cases","Overdueness Sorting"],"fullName":"sortCards - Comprehensive Edge Cases Overdueness Sorting should handle overdueness with different intervals","status":"passed","title":"should handle overdueness with different intervals","duration":0.056541999999922155,"failureMessages":[],"meta":{}},{"ancestorTitles":["sortCards - Comprehensive Edge Cases","Overdueness Sorting"],"fullName":"sortCards - Comprehensive Edge Cases Overdueness Sorting should handle zero interval gracefully (no division by zero)","status":"passed","title":"should handle zero interval gracefully (no division by zero)","duration":0.3677500000000009,"failureMessages":[],"meta":{}},{"ancestorTitles":["sortCards - Comprehensive Edge Cases","Overdueness Sorting"],"fullName":"sortCards - Comprehensive Edge Cases Overdueness Sorting should handle negative interval (corrupted data)","status":"passed","title":"should handle negative interval (corrupted data)","duration":0.08370899999999892,"failureMessages":[],"meta":{}},{"ancestorTitles":["sortCards - Comprehensive Edge Cases","Card Order Settings","newFirst"],"fullName":"sortCards - Comprehensive Edge Cases Card Order Settings newFirst should put all new cards before all review cards","status":"passed","title":"should put all new cards before all review cards","duration":0.2852500000000191,"failureMessages":[],"meta":{}},{"ancestorTitles":["sortCards - Comprehensive Edge Cases","Card Order Settings","reviewFirst"],"fullName":"sortCards - Comprehensive Edge Cases Card Order Settings reviewFirst should put all review cards before all new cards","status":"passed","title":"should put all review cards before all new cards","duration":0.08212499999990541,"failureMessages":[],"meta":{}},{"ancestorTitles":["sortCards - Comprehensive Edge Cases","Card Order Settings","mixed"],"fullName":"sortCards - Comprehensive Edge Cases Card Order Settings mixed should interleave new and review cards","status":"passed","title":"should interleave new and review cards","duration":0.21670800000003965,"failureMessages":[],"meta":{}},{"ancestorTitles":["sortCards - Comprehensive Edge Cases","Display Settings","newCardGatherOrder"],"fullName":"sortCards - Comprehensive Edge Cases Display Settings newCardGatherOrder should shuffle new cards when set to random","status":"passed","title":"should shuffle new cards when set to random","duration":0.2233329999999114,"failureMessages":[],"meta":{}},{"ancestorTitles":["sortCards - Comprehensive Edge Cases","Display Settings","newCardSortOrder"],"fullName":"sortCards - Comprehensive Edge Cases Display Settings newCardSortOrder should sort by cardType when specified","status":"passed","title":"should sort by cardType when specified","duration":1.0457499999999982,"failureMessages":[],"meta":{}},{"ancestorTitles":["sortCards - Comprehensive Edge Cases","Display Settings","interdayLearningOrder"],"fullName":"sortCards - Comprehensive Edge Cases Display Settings interdayLearningOrder should put learning cards before reviews when set to 'before'","status":"passed","title":"should put learning cards before reviews when set to 'before'","duration":0.29195900000001984,"failureMessages":[],"meta":{}},{"ancestorTitles":["sortCards - Comprehensive Edge Cases","Display Settings","interdayLearningOrder"],"fullName":"sortCards - Comprehensive Edge Cases Display Settings interdayLearningOrder should put learning cards after reviews when set to 'after'","status":"passed","title":"should put learning cards after reviews when set to 'after'","duration":0.20195799999999053,"failureMessages":[],"meta":{}},{"ancestorTitles":["sortCards - Comprehensive Edge Cases","Display Settings","reviewSortOrder"],"fullName":"sortCards - Comprehensive Edge Cases Display Settings reviewSortOrder should sort by due date when set to 'due'","status":"passed","title":"should sort by due date when set to 'due'","duration":0.1923340000000735,"failureMessages":[],"meta":{}},{"ancestorTitles":["sortCards - Comprehensive Edge Cases","Display Settings","reviewSortOrder"],"fullName":"sortCards - Comprehensive Edge Cases Display Settings reviewSortOrder should group by date then shuffle within date for 'dueRandom'","status":"passed","title":"should group by date then shuffle within date for 'dueRandom'","duration":0.7903330000000324,"failureMessages":[],"meta":{}},{"ancestorTitles":["sortCards - Comprehensive Edge Cases","Legacy Behavior (no displaySettings)"],"fullName":"sortCards - Comprehensive Edge Cases Legacy Behavior (no displaySettings) should fall back to simple sorting without displaySettings","status":"passed","title":"should fall back to simple sorting without displaySettings","duration":0.1894169999999349,"failureMessages":[],"meta":{}},{"ancestorTitles":["sortCards - Comprehensive Edge Cases","Legacy Behavior (no displaySettings)"],"fullName":"sortCards - Comprehensive Edge Cases Legacy Behavior (no displaySettings) should shuffle cards for mixed mode without displaySettings","status":"passed","title":"should shuffle cards for mixed mode without displaySettings","duration":0.25974999999994,"failureMessages":[],"meta":{}},{"ancestorTitles":["sortCards - Comprehensive Edge Cases","Prioritized Cards (Epoch Date)"],"fullName":"sortCards - Comprehensive Edge Cases Prioritized Cards (Epoch Date) should put epoch-dated cards first when sorted by due date","status":"passed","title":"should put epoch-dated cards first when sorted by due date","duration":0.1490840000000162,"failureMessages":[],"meta":{}},{"ancestorTitles":["sortCards - Comprehensive Edge Cases","Prioritized Cards (Epoch Date)"],"fullName":"sortCards - Comprehensive Edge Cases Prioritized Cards (Epoch Date) should prioritize epoch card over other cards in reviewFirst mode","status":"passed","title":"should prioritize epoch card over other cards in reviewFirst mode","duration":0.15920900000003257,"failureMessages":[],"meta":{}},{"ancestorTitles":["sortCards - Comprehensive Edge Cases","Relearning Cards Handling"],"fullName":"sortCards - Comprehensive Edge Cases Relearning Cards Handling should treat relearning cards as learning cards","status":"passed","title":"should treat relearning cards as learning cards","duration":0.19324999999992087,"failureMessages":[],"meta":{}},{"ancestorTitles":["sortCards - Comprehensive Edge Cases","Edge Cases with Missing Data"],"fullName":"sortCards - Comprehensive Edge Cases Edge Cases with Missing Data should handle cards with undefined dueDate","status":"passed","title":"should handle cards with undefined dueDate","duration":0.33929200000000037,"failureMessages":[],"meta":{}},{"ancestorTitles":["sortCards - Comprehensive Edge Cases","Edge Cases with Missing Data"],"fullName":"sortCards - Comprehensive Edge Cases Edge Cases with Missing Data should handle cards with undefined interval for overdueness","status":"passed","title":"should handle cards with undefined interval for overdueness","duration":0.2389580000000251,"failureMessages":[],"meta":{}},{"ancestorTitles":["sortCards - Comprehensive Edge Cases","Edge Cases with Missing Data"],"fullName":"sortCards - Comprehensive Edge Cases Edge Cases with Missing Data should handle cards with undefined status","status":"passed","title":"should handle cards with undefined status","duration":0.21375000000000455,"failureMessages":[],"meta":{}}],"startTime":1765446623146,"endTime":1765446623172.239,"status":"passed","message":"","name":"/Users/albertotrigo/Documents/polskimine/src/core/srs/cardSorter.comprehensive.test.ts"},{"assertionResults":[{"ancestorTitles":["cardSorter","sortCards","Legacy behavior (no displaySettings)"],"fullName":"cardSorter sortCards Legacy behavior (no displaySettings) should return empty array for empty input","status":"passed","title":"should return empty array for empty input","duration":0.9881249999999682,"failureMessages":[],"meta":{}},{"ancestorTitles":["cardSorter","sortCards","Legacy behavior (no displaySettings)"],"fullName":"cardSorter sortCards Legacy behavior (no displaySettings) should put new cards first when order is newFirst","status":"passed","title":"should put new cards first when order is newFirst","duration":8.448791999999912,"failureMessages":[],"meta":{}},{"ancestorTitles":["cardSorter","sortCards","Legacy behavior (no displaySettings)"],"fullName":"cardSorter sortCards Legacy behavior (no displaySettings) should put review cards first when order is reviewFirst","status":"passed","title":"should put review cards first when order is reviewFirst","duration":1.9748749999999973,"failureMessages":[],"meta":{}},{"ancestorTitles":["cardSorter","sortCards","With displaySettings"],"fullName":"cardSorter sortCards With displaySettings should respect interdayLearningOrder: before","status":"passed","title":"should respect interdayLearningOrder: before","duration":0.6065419999999904,"failureMessages":[],"meta":{}},{"ancestorTitles":["cardSorter","sortCards","With displaySettings"],"fullName":"cardSorter sortCards With displaySettings should respect interdayLearningOrder: after","status":"passed","title":"should respect interdayLearningOrder: after","duration":0.1502500000000282,"failureMessages":[],"meta":{}},{"ancestorTitles":["cardSorter","sortCards","With displaySettings"],"fullName":"cardSorter sortCards With displaySettings should respect interdayLearningOrder: mixed (interleaved)","status":"passed","title":"should respect interdayLearningOrder: mixed (interleaved)","duration":0.502207999999996,"failureMessages":[],"meta":{}},{"ancestorTitles":["cardSorter","sortCards","With displaySettings"],"fullName":"cardSorter sortCards With displaySettings should sort new cards by cardType when specified","status":"passed","title":"should sort new cards by cardType when specified","duration":0.16433300000005602,"failureMessages":[],"meta":{}},{"ancestorTitles":["cardSorter","sortCards","With displaySettings"],"fullName":"cardSorter sortCards With displaySettings should sort reviews by overdueness when specified","status":"passed","title":"should sort reviews by overdueness when specified","duration":0.18862500000000182,"failureMessages":[],"meta":{}},{"ancestorTitles":["cardSorter","sortCards","interleaveLearningCards integration"],"fullName":"cardSorter sortCards interleaveLearningCards integration should not discard learning cards in newFirst mode","status":"passed","title":"should not discard learning cards in newFirst mode","duration":0.23220800000001418,"failureMessages":[],"meta":{}},{"ancestorTitles":["cardSorter","sortCards","interleaveLearningCards integration"],"fullName":"cardSorter sortCards interleaveLearningCards integration should not discard learning cards in reviewFirst mode","status":"passed","title":"should not discard learning cards in reviewFirst mode","duration":0.19650000000001455,"failureMessages":[],"meta":{}},{"ancestorTitles":["cardSorter","sortCards","Regression: Learning card sorting order"],"fullName":"cardSorter sortCards Regression: Learning card sorting order should NOT reverse learning cards when review queue is empty","status":"passed","title":"should NOT reverse learning cards when review queue is empty","duration":0.1542500000000473,"failureMessages":[],"meta":{}}],"startTime":1765446623734,"endTime":1765446623748.1965,"status":"passed","message":"","name":"/Users/albertotrigo/Documents/polskimine/src/core/srs/cardSorter.test.ts"},{"assertionResults":[{"ancestorTitles":["Leech Suspend Bug"],"fullName":"Leech Suspend Bug should incorrectly mark suspended leech as KNOWN (reproducing the bug)","status":"passed","title":"should incorrectly mark suspended leech as KNOWN (reproducing the bug)","duration":3.8555410000001302,"failureMessages":[],"meta":{}}],"startTime":1765446625171,"endTime":1765446625174.8555,"status":"passed","message":"","name":"/Users/albertotrigo/Documents/polskimine/src/core/srs/leechSuspend.bug.test.ts"},{"assertionResults":[{"ancestorTitles":["Card Sorting & Priority System","Legacy Sort Modes"],"fullName":"Card Sorting & Priority System Legacy Sort Modes should strictly respect 'New First' setting","status":"passed","title":"should strictly respect 'New First' setting","duration":34.05008399999997,"failureMessages":[],"meta":{}},{"ancestorTitles":["Card Sorting & Priority System","Legacy Sort Modes"],"fullName":"Card Sorting & Priority System Legacy Sort Modes should strictly respect 'Review First' setting","status":"passed","title":"should strictly respect 'Review First' setting","duration":0.40599999999994907,"failureMessages":[],"meta":{}},{"ancestorTitles":["Card Sorting & Priority System","Display Order Settings - New Cards"],"fullName":"Card Sorting & Priority System Display Order Settings - New Cards should sort new cards by 'cardType' when configured","status":"passed","title":"should sort new cards by 'cardType' when configured","duration":0.9927500000000009,"failureMessages":[],"meta":{}},{"ancestorTitles":["Card Sorting & Priority System","Display Order Settings - New Cards"],"fullName":"Card Sorting & Priority System Display Order Settings - New Cards should shuffle new cards when gatherOrder is 'random'","status":"passed","title":"should shuffle new cards when gatherOrder is 'random'","duration":0.9851250000000391,"failureMessages":[],"meta":{}},{"ancestorTitles":["Card Sorting & Priority System","Display Order Settings - Review Cards"],"fullName":"Card Sorting & Priority System Display Order Settings - Review Cards should sort reviews by 'overdueness'","status":"passed","title":"should sort reviews by 'overdueness'","duration":0.18441699999993943,"failureMessages":[],"meta":{}},{"ancestorTitles":["Card Sorting & Priority System","Display Order Settings - Review Cards"],"fullName":"Card Sorting & Priority System Display Order Settings - Review Cards should group by day when 'dueRandom' is used","status":"passed","title":"should group by day when 'dueRandom' is used","duration":0.20516699999996035,"failureMessages":[],"meta":{}},{"ancestorTitles":["Card Sorting & Priority System","Interleaving & Mixed Mode"],"fullName":"Card Sorting & Priority System Interleaving & Mixed Mode should interleave new cards into reviews in 'mixed' new/review order","status":"passed","title":"should interleave new cards into reviews in 'mixed' new/review order","duration":0.20920799999998962,"failureMessages":[],"meta":{}},{"ancestorTitles":["Card Sorting & Priority System","Interleaving & Mixed Mode"],"fullName":"Card Sorting & Priority System Interleaving & Mixed Mode should place learning cards 'before' reviews","status":"passed","title":"should place learning cards 'before' reviews","duration":0.37287500000002183,"failureMessages":[],"meta":{}},{"ancestorTitles":["Card Sorting & Priority System","Interleaving & Mixed Mode"],"fullName":"Card Sorting & Priority System Interleaving & Mixed Mode should place learning cards 'after' reviews","status":"passed","title":"should place learning cards 'after' reviews","duration":0.7328749999999218,"failureMessages":[],"meta":{}},{"ancestorTitles":["Card Sorting & Priority System","Edge Cases"],"fullName":"Card Sorting & Priority System Edge Cases should always prioritize manually 'Prioritized' cards (EPOCH date)","status":"passed","title":"should always prioritize manually 'Prioritized' cards (EPOCH date)","duration":0.4296669999999949,"failureMessages":[],"meta":{}},{"ancestorTitles":["Card Sorting & Priority System","Edge Cases"],"fullName":"Card Sorting & Priority System Edge Cases should handle empty input gracefully","status":"passed","title":"should handle empty input gracefully","duration":0.20012499999995725,"failureMessages":[],"meta":{}},{"ancestorTitles":["Card Sorting & Priority System","Edge Cases"],"fullName":"Card Sorting & Priority System Edge Cases should fallback to 'due' sort if settings are missing","status":"passed","title":"should fallback to 'due' sort if settings are missing","duration":0.2600840000000062,"failureMessages":[],"meta":{}}],"startTime":1765446622214,"endTime":1765446622254.26,"status":"passed","message":"","name":"/Users/albertotrigo/Documents/polskimine/src/core/srs/priority.test.ts"},{"assertionResults":[{"ancestorTitles":["calculateNextReview - Comprehensive Edge Cases","Boundary Conditions"],"fullName":"calculateNextReview - Comprehensive Edge Cases Boundary Conditions should handle card with all default values","status":"passed","title":"should handle card with all default values","duration":1.13216599999987,"failureMessages":[],"meta":{}},{"ancestorTitles":["calculateNextReview - Comprehensive Edge Cases","Boundary Conditions"],"fullName":"calculateNextReview - Comprehensive Edge Cases Boundary Conditions should handle card with zero reps transitioning correctly","status":"passed","title":"should handle card with zero reps transitioning correctly","duration":0.13691700000026685,"failureMessages":[],"meta":{}},{"ancestorTitles":["calculateNextReview - Comprehensive Edge Cases","Boundary Conditions"],"fullName":"calculateNextReview - Comprehensive Edge Cases Boundary Conditions should handle card with undefined optional fields","status":"passed","title":"should handle card with undefined optional fields","duration":0.08691700000008495,"failureMessages":[],"meta":{}},{"ancestorTitles":["calculateNextReview - Comprehensive Edge Cases","Learning Phase - All Grades"],"fullName":"calculateNextReview - Comprehensive Edge Cases Learning Phase - All Grades should handle multi-step Good progression through all steps","status":"passed","title":"should handle multi-step Good progression through all steps","duration":1.310207999999875,"failureMessages":[],"meta":{}},{"ancestorTitles":["calculateNextReview - Comprehensive Edge Cases","Learning Phase - All Grades"],"fullName":"calculateNextReview - Comprehensive Edge Cases Learning Phase - All Grades should reset to step 0 and stay in learning on Again from any step","status":"passed","title":"should reset to step 0 and stay in learning on Again from any step","duration":0.1744170000001759,"failureMessages":[],"meta":{}},{"ancestorTitles":["calculateNextReview - Comprehensive Edge Cases","Learning Phase - All Grades"],"fullName":"calculateNextReview - Comprehensive Edge Cases Learning Phase - All Grades should stay at current step on Hard","status":"passed","title":"should stay at current step on Hard","duration":0.09220800000002782,"failureMessages":[],"meta":{}},{"ancestorTitles":["calculateNextReview - Comprehensive Edge Cases","Learning Phase - All Grades"],"fullName":"calculateNextReview - Comprehensive Edge Cases Learning Phase - All Grades should graduate immediately on Easy from any step","status":"passed","title":"should graduate immediately on Easy from any step","duration":0.3073340000000826,"failureMessages":[],"meta":{}},{"ancestorTitles":["calculateNextReview - Comprehensive Edge Cases","Learning Phase - All Grades"],"fullName":"calculateNextReview - Comprehensive Edge Cases Learning Phase - All Grades should handle Hard on last learning step","status":"passed","title":"should handle Hard on last learning step","duration":0.13245800000004238,"failureMessages":[],"meta":{}},{"ancestorTitles":["calculateNextReview - Comprehensive Edge Cases","Relearning Phase - All Grades"],"fullName":"calculateNextReview - Comprehensive Edge Cases Relearning Phase - All Grades should handle multi-step Good progression through relearning","status":"passed","title":"should handle multi-step Good progression through relearning","duration":0.5648339999997916,"failureMessages":[],"meta":{}},{"ancestorTitles":["calculateNextReview - Comprehensive Edge Cases","Relearning Phase - All Grades"],"fullName":"calculateNextReview - Comprehensive Edge Cases Relearning Phase - All Grades should reset to step 0 on Again during relearning","status":"passed","title":"should reset to step 0 on Again during relearning","duration":0.09162500000002183,"failureMessages":[],"meta":{}},{"ancestorTitles":["calculateNextReview - Comprehensive Edge Cases","Relearning Phase - All Grades"],"fullName":"calculateNextReview - Comprehensive Edge Cases Relearning Phase - All Grades should stay at current step on Hard during relearning","status":"passed","title":"should stay at current step on Hard during relearning","duration":0.0647079999998823,"failureMessages":[],"meta":{}},{"ancestorTitles":["calculateNextReview - Comprehensive Edge Cases","Relearning Phase - All Grades"],"fullName":"calculateNextReview - Comprehensive Edge Cases Relearning Phase - All Grades should exit immediately on Easy during relearning","status":"passed","title":"should exit immediately on Easy during relearning","duration":0.21900000000005093,"failureMessages":[],"meta":{}},{"ancestorTitles":["calculateNextReview - Comprehensive Edge Cases","Relearning Phase - All Grades"],"fullName":"calculateNextReview - Comprehensive Edge Cases Relearning Phase - All Grades should handle empty relearnSteps (fallback to FSRS)","status":"passed","title":"should handle empty relearnSteps (fallback to FSRS)","duration":0.44591700000000856,"failureMessages":[],"meta":{}},{"ancestorTitles":["calculateNextReview - Comprehensive Edge Cases","Lapse Detection and Entry to Relearning"],"fullName":"calculateNextReview - Comprehensive Edge Cases Lapse Detection and Entry to Relearning should enter relearning on Again from Review state","status":"passed","title":"should enter relearning on Again from Review state","duration":0.2359160000000884,"failureMessages":[],"meta":{}},{"ancestorTitles":["calculateNextReview - Comprehensive Edge Cases","Lapse Detection and Entry to Relearning"],"fullName":"calculateNextReview - Comprehensive Edge Cases Lapse Detection and Entry to Relearning should increment lapses on lapse from Review","status":"passed","title":"should increment lapses on lapse from Review","duration":0.24537499999996726,"failureMessages":[],"meta":{}},{"ancestorTitles":["calculateNextReview - Comprehensive Edge Cases","Lapse Detection and Entry to Relearning"],"fullName":"calculateNextReview - Comprehensive Edge Cases Lapse Detection and Entry to Relearning should NOT increment lapses on Again during initial Learning","status":"passed","title":"should NOT increment lapses on Again during initial Learning","duration":0.07191699999975754,"failureMessages":[],"meta":{}},{"ancestorTitles":["calculateNextReview - Comprehensive Edge Cases","Leech Detection"],"fullName":"calculateNextReview - Comprehensive Edge Cases Leech Detection should mark card as leech when threshold is exactly reached","status":"passed","title":"should mark card as leech when threshold is exactly reached","duration":0.23354199999994307,"failureMessages":[],"meta":{}},{"ancestorTitles":["calculateNextReview - Comprehensive Edge Cases","Leech Detection"],"fullName":"calculateNextReview - Comprehensive Edge Cases Leech Detection should mark card as leech when threshold is exceeded","status":"passed","title":"should mark card as leech when threshold is exceeded","duration":0.21000000000003638,"failureMessages":[],"meta":{}},{"ancestorTitles":["calculateNextReview - Comprehensive Edge Cases","Leech Detection"],"fullName":"calculateNextReview - Comprehensive Edge Cases Leech Detection should not double-mark already leech card","status":"passed","title":"should not double-mark already leech card","duration":0.17862499999955617,"failureMessages":[],"meta":{}},{"ancestorTitles":["calculateNextReview - Comprehensive Edge Cases","Leech Detection"],"fullName":"calculateNextReview - Comprehensive Edge Cases Leech Detection should suspend card when leechAction is suspend and threshold reached","status":"passed","title":"should suspend card when leechAction is suspend and threshold reached","duration":0.13029199999982666,"failureMessages":[],"meta":{}},{"ancestorTitles":["calculateNextReview - Comprehensive Edge Cases","Leech Detection"],"fullName":"calculateNextReview - Comprehensive Edge Cases Leech Detection should not suspend if below threshold","status":"passed","title":"should not suspend if below threshold","duration":0.44591600000012477,"failureMessages":[],"meta":{}},{"ancestorTitles":["calculateNextReview - Comprehensive Edge Cases","Data Integrity - NaN and Invalid Values"],"fullName":"calculateNextReview - Comprehensive Edge Cases Data Integrity - NaN and Invalid Values should handle NaN in stability","status":"passed","title":"should handle NaN in stability","duration":0.19608300000027157,"failureMessages":[],"meta":{}},{"ancestorTitles":["calculateNextReview - Comprehensive Edge Cases","Data Integrity - NaN and Invalid Values"],"fullName":"calculateNextReview - Comprehensive Edge Cases Data Integrity - NaN and Invalid Values should handle NaN in difficulty","status":"passed","title":"should handle NaN in difficulty","duration":0.13120799999978772,"failureMessages":[],"meta":{}},{"ancestorTitles":["calculateNextReview - Comprehensive Edge Cases","Data Integrity - NaN and Invalid Values"],"fullName":"calculateNextReview - Comprehensive Edge Cases Data Integrity - NaN and Invalid Values should handle NaN in interval","status":"passed","title":"should handle NaN in interval","duration":0.09958299999971132,"failureMessages":[],"meta":{}},{"ancestorTitles":["calculateNextReview - Comprehensive Edge Cases","Data Integrity - NaN and Invalid Values"],"fullName":"calculateNextReview - Comprehensive Edge Cases Data Integrity - NaN and Invalid Values should handle NaN in elapsed_days","status":"passed","title":"should handle NaN in elapsed_days","duration":0.11412500000005821,"failureMessages":[],"meta":{}},{"ancestorTitles":["calculateNextReview - Comprehensive Edge Cases","Data Integrity - NaN and Invalid Values"],"fullName":"calculateNextReview - Comprehensive Edge Cases Data Integrity - NaN and Invalid Values should handle negative interval gracefully","status":"passed","title":"should handle negative interval gracefully","duration":0.11004199999979392,"failureMessages":[],"meta":{}},{"ancestorTitles":["calculateNextReview - Comprehensive Edge Cases","Data Integrity - NaN and Invalid Values"],"fullName":"calculateNextReview - Comprehensive Edge Cases Data Integrity - NaN and Invalid Values should handle invalid dueDate string","status":"passed","title":"should handle invalid dueDate string","duration":0.38733300000012605,"failureMessages":[],"meta":{}},{"ancestorTitles":["calculateNextReview - Comprehensive Edge Cases","Data Integrity - NaN and Invalid Values"],"fullName":"calculateNextReview - Comprehensive Edge Cases Data Integrity - NaN and Invalid Values should produce valid dueDate even with corrupted input","status":"passed","title":"should produce valid dueDate even with corrupted input","duration":0.07245800000009694,"failureMessages":[],"meta":{}},{"ancestorTitles":["calculateNextReview - Comprehensive Edge Cases","Learning Steps Validation"],"fullName":"calculateNextReview - Comprehensive Edge Cases Learning Steps Validation should filter out negative learning steps","status":"passed","title":"should filter out negative learning steps","duration":0.06124999999974534,"failureMessages":[],"meta":{}},{"ancestorTitles":["calculateNextReview - Comprehensive Edge Cases","Learning Steps Validation"],"fullName":"calculateNextReview - Comprehensive Edge Cases Learning Steps Validation should filter out zero learning steps","status":"passed","title":"should filter out zero learning steps","duration":0.040666999999757536,"failureMessages":[],"meta":{}},{"ancestorTitles":["calculateNextReview - Comprehensive Edge Cases","Learning Steps Validation"],"fullName":"calculateNextReview - Comprehensive Edge Cases Learning Steps Validation should use fallback [1, 10] for completely empty steps","status":"passed","title":"should use fallback [1, 10] for completely empty steps","duration":0.048792000000048574,"failureMessages":[],"meta":{}},{"ancestorTitles":["calculateNextReview - Comprehensive Edge Cases","Learning Steps Validation"],"fullName":"calculateNextReview - Comprehensive Edge Cases Learning Steps Validation should handle very large learning step values","status":"passed","title":"should handle very large learning step values","duration":0.05074999999987995,"failureMessages":[],"meta":{}},{"ancestorTitles":["calculateNextReview - Comprehensive Edge Cases","Interval Calculations"],"fullName":"calculateNextReview - Comprehensive Edge Cases Interval Calculations should set interval correctly for learning cards (intraday)","status":"passed","title":"should set interval correctly for learning cards (intraday)","duration":0.15404099999977916,"failureMessages":[],"meta":{}},{"ancestorTitles":["calculateNextReview - Comprehensive Edge Cases","Interval Calculations"],"fullName":"calculateNextReview - Comprehensive Edge Cases Interval Calculations should set scheduled_days to 0 for learning cards","status":"passed","title":"should set scheduled_days to 0 for learning cards","duration":0.08816699999988487,"failureMessages":[],"meta":{}},{"ancestorTitles":["calculateNextReview - Comprehensive Edge Cases","Interval Calculations"],"fullName":"calculateNextReview - Comprehensive Edge Cases Interval Calculations should set minimum 1 day interval for graduated cards","status":"passed","title":"should set minimum 1 day interval for graduated cards","duration":0.09091699999999037,"failureMessages":[],"meta":{}},{"ancestorTitles":["calculateNextReview - Comprehensive Edge Cases","Interval Calculations"],"fullName":"calculateNextReview - Comprehensive Edge Cases Interval Calculations should respect precise_interval for FSRS cards","status":"passed","title":"should respect precise_interval for FSRS cards","duration":0.09845799999993687,"failureMessages":[],"meta":{}},{"ancestorTitles":["calculateNextReview - Comprehensive Edge Cases","FSRS Settings Variations"],"fullName":"calculateNextReview - Comprehensive Edge Cases FSRS Settings Variations should respect custom request_retention","status":"passed","title":"should respect custom request_retention","duration":0.21824999999989814,"failureMessages":[],"meta":{}},{"ancestorTitles":["calculateNextReview - Comprehensive Edge Cases","FSRS Settings Variations"],"fullName":"calculateNextReview - Comprehensive Edge Cases FSRS Settings Variations should respect maximum_interval setting by returning bounded intervals","status":"passed","title":"should respect maximum_interval setting by returning bounded intervals","duration":0.15612499999997453,"failureMessages":[],"meta":{}},{"ancestorTitles":["calculateNextReview - Comprehensive Edge Cases","FSRS Settings Variations"],"fullName":"calculateNextReview - Comprehensive Edge Cases FSRS Settings Variations should use default FSRS params when settings undefined","status":"passed","title":"should use default FSRS params when settings undefined","duration":0.17791699999997945,"failureMessages":[],"meta":{}},{"ancestorTitles":["calculateNextReview - Comprehensive Edge Cases","State Transitions - Review Card Grades"],"fullName":"calculateNextReview - Comprehensive Edge Cases State Transitions - Review Card Grades should stay in Review on Good","status":"passed","title":"should stay in Review on Good","duration":0.09829199999967386,"failureMessages":[],"meta":{}},{"ancestorTitles":["calculateNextReview - Comprehensive Edge Cases","State Transitions - Review Card Grades"],"fullName":"calculateNextReview - Comprehensive Edge Cases State Transitions - Review Card Grades should stay in Review on Hard with shorter interval","status":"passed","title":"should stay in Review on Hard with shorter interval","duration":0.13933399999996254,"failureMessages":[],"meta":{}},{"ancestorTitles":["calculateNextReview - Comprehensive Edge Cases","State Transitions - Review Card Grades"],"fullName":"calculateNextReview - Comprehensive Edge Cases State Transitions - Review Card Grades should stay in Review on Easy with longer interval","status":"passed","title":"should stay in Review on Easy with longer interval","duration":0.1354580000001988,"failureMessages":[],"meta":{}},{"ancestorTitles":["calculateNextReview - Comprehensive Edge Cases","First Review of New Card"],"fullName":"calculateNextReview - Comprehensive Edge Cases First Review of New Card should set first_review when card graduates from learning","status":"passed","title":"should set first_review when card graduates from learning","duration":0.07054199999993216,"failureMessages":[],"meta":{}},{"ancestorTitles":["calculateNextReview - Comprehensive Edge Cases","First Review of New Card"],"fullName":"calculateNextReview - Comprehensive Edge Cases First Review of New Card should set first_review when graduating via Easy","status":"passed","title":"should set first_review when graduating via Easy","duration":0.09774999999990541,"failureMessages":[],"meta":{}},{"ancestorTitles":["calculateNextReview - Comprehensive Edge Cases","First Review of New Card"],"fullName":"calculateNextReview - Comprehensive Edge Cases First Review of New Card should not overwrite existing first_review","status":"passed","title":"should not overwrite existing first_review","duration":2.1289170000000013,"failureMessages":[],"meta":{}},{"ancestorTitles":["calculateNextReview - Comprehensive Edge Cases","First Review of New Card"],"fullName":"calculateNextReview - Comprehensive Edge Cases First Review of New Card should increment reps on every review","status":"passed","title":"should increment reps on every review","duration":0.2102919999997539,"failureMessages":[],"meta":{}},{"ancestorTitles":["calculateNextReview - Comprehensive Edge Cases","Legacy Card Compatibility"],"fullName":"calculateNextReview - Comprehensive Edge Cases Legacy Card Compatibility should handle card with status but no state","status":"passed","title":"should handle card with status but no state","duration":0.532249999999749,"failureMessages":[],"meta":{}},{"ancestorTitles":["calculateNextReview - Comprehensive Edge Cases","Legacy Card Compatibility"],"fullName":"calculateNextReview - Comprehensive Edge Cases Legacy Card Compatibility should infer state from status and reps","status":"passed","title":"should infer state from status and reps","duration":0.17391600000019025,"failureMessages":[],"meta":{}},{"ancestorTitles":["isCardDue - Comprehensive Edge Cases","New Card Detection"],"fullName":"isCardDue - Comprehensive Edge Cases New Card Detection should return true for CardStatus.NEW","status":"passed","title":"should return true for CardStatus.NEW","duration":0.19737499999973807,"failureMessages":[],"meta":{}},{"ancestorTitles":["isCardDue - Comprehensive Edge Cases","New Card Detection"],"fullName":"isCardDue - Comprehensive Edge Cases New Card Detection should return true for State.New","status":"passed","title":"should return true for State.New","duration":0.1253750000000764,"failureMessages":[],"meta":{}},{"ancestorTitles":["isCardDue - Comprehensive Edge Cases","New Card Detection"],"fullName":"isCardDue - Comprehensive Edge Cases New Card Detection should return true for undefined state with 0 reps","status":"passed","title":"should return true for undefined state with 0 reps","duration":0.1060829999996713,"failureMessages":[],"meta":{}},{"ancestorTitles":["isCardDue - Comprehensive Edge Cases","Learning Cards - Intraday Timing"],"fullName":"isCardDue - Comprehensive Edge Cases Learning Cards - Intraday Timing should use precise timing for learning cards with interval < 1 day","status":"passed","title":"should use precise timing for learning cards with interval < 1 day","duration":0.2162079999998241,"failureMessages":[],"meta":{}},{"ancestorTitles":["isCardDue - Comprehensive Edge Cases","Learning Cards - Intraday Timing"],"fullName":"isCardDue - Comprehensive Edge Cases Learning Cards - Intraday Timing should use precise timing for interval < 1 hour","status":"passed","title":"should use precise timing for interval < 1 hour","duration":0.13745899999958056,"failureMessages":[],"meta":{}},{"ancestorTitles":["isCardDue - Comprehensive Edge Cases","Learning Cards - Intraday Timing"],"fullName":"isCardDue - Comprehensive Edge Cases Learning Cards - Intraday Timing should return true when exact due time has passed","status":"passed","title":"should return true when exact due time has passed","duration":0.1414159999999356,"failureMessages":[],"meta":{}},{"ancestorTitles":["isCardDue - Comprehensive Edge Cases","SRS Day Boundary (4 AM Cutoff)"],"fullName":"isCardDue - Comprehensive Edge Cases SRS Day Boundary (4 AM Cutoff) should consider overdue cards as due","status":"passed","title":"should consider overdue cards as due","duration":0.5572079999997186,"failureMessages":[],"meta":{}},{"ancestorTitles":["isCardDue - Comprehensive Edge Cases","SRS Day Boundary (4 AM Cutoff)"],"fullName":"isCardDue - Comprehensive Edge Cases SRS Day Boundary (4 AM Cutoff) should NOT consider card due if dueDate is far in future","status":"passed","title":"should NOT consider card due if dueDate is far in future","duration":0.08116700000027777,"failureMessages":[],"meta":{}},{"ancestorTitles":["isCardDue - Comprehensive Edge Cases","SRS Day Boundary (4 AM Cutoff)"],"fullName":"isCardDue - Comprehensive Edge Cases SRS Day Boundary (4 AM Cutoff) should handle cards due within SRS day","status":"passed","title":"should handle cards due within SRS day","duration":0.05187500000010914,"failureMessages":[],"meta":{}},{"ancestorTitles":["isCardDue - Comprehensive Edge Cases","Overdue Cards"],"fullName":"isCardDue - Comprehensive Edge Cases Overdue Cards should return true for card overdue by 1 day","status":"passed","title":"should return true for card overdue by 1 day","duration":0.11541600000009566,"failureMessages":[],"meta":{}},{"ancestorTitles":["isCardDue - Comprehensive Edge Cases","Overdue Cards"],"fullName":"isCardDue - Comprehensive Edge Cases Overdue Cards should return true for card overdue by 1 week","status":"passed","title":"should return true for card overdue by 1 week","duration":0.09841600000027029,"failureMessages":[],"meta":{}},{"ancestorTitles":["isCardDue - Comprehensive Edge Cases","Overdue Cards"],"fullName":"isCardDue - Comprehensive Edge Cases Overdue Cards should return true for card overdue by months","status":"passed","title":"should return true for card overdue by months","duration":0.04516699999976481,"failureMessages":[],"meta":{}},{"ancestorTitles":["isCardDue - Comprehensive Edge Cases","Overdue Cards"],"fullName":"isCardDue - Comprehensive Edge Cases Overdue Cards should return true for card overdue by years","status":"passed","title":"should return true for card overdue by years","duration":0.04145800000014788,"failureMessages":[],"meta":{}},{"ancestorTitles":["isCardDue - Comprehensive Edge Cases","Future Dated Cards"],"fullName":"isCardDue - Comprehensive Edge Cases Future Dated Cards should return false for card due far in future","status":"passed","title":"should return false for card due far in future","duration":0.040165999999771884,"failureMessages":[],"meta":{}},{"ancestorTitles":["isCardDue - Comprehensive Edge Cases","Future Dated Cards"],"fullName":"isCardDue - Comprehensive Edge Cases Future Dated Cards should return false for card due tomorrow (day-based)","status":"passed","title":"should return false for card due tomorrow (day-based)","duration":0.6739590000001954,"failureMessages":[],"meta":{}},{"ancestorTitles":["isCardDue - Comprehensive Edge Cases","Edge Cases - Invalid Data"],"fullName":"isCardDue - Comprehensive Edge Cases Edge Cases - Invalid Data should handle invalid dueDate gracefully","status":"passed","title":"should handle invalid dueDate gracefully","duration":0.1831250000000182,"failureMessages":[],"meta":{}},{"ancestorTitles":["isCardDue - Comprehensive Edge Cases","Edge Cases - Invalid Data"],"fullName":"isCardDue - Comprehensive Edge Cases Edge Cases - Invalid Data should handle epoch date (prioritized cards)","status":"passed","title":"should handle epoch date (prioritized cards)","duration":0.04558399999996254,"failureMessages":[],"meta":{}},{"ancestorTitles":["getSRSDate"],"fullName":"getSRSDate should return a Date object","status":"passed","title":"should return a Date object","duration":0.10470899999972971,"failureMessages":[],"meta":{}},{"ancestorTitles":["getSRSDate"],"fullName":"getSRSDate should return start of day adjusted by cutoff hours","status":"passed","title":"should return start of day adjusted by cutoff hours","duration":0.05258299999968585,"failureMessages":[],"meta":{}},{"ancestorTitles":["getSRSDate"],"fullName":"getSRSDate should handle different times of day consistently","status":"passed","title":"should handle different times of day consistently","duration":0.05050000000028376,"failureMessages":[],"meta":{}},{"ancestorTitles":["getSRSDate"],"fullName":"getSRSDate should handle current time","status":"passed","title":"should handle current time","duration":0.04554099999995742,"failureMessages":[],"meta":{}},{"ancestorTitles":["Scheduling Simulation"],"fullName":"Scheduling Simulation should handle 100 consecutive correct reviews without issues","status":"passed","title":"should handle 100 consecutive correct reviews without issues","duration":10.941291999999976,"failureMessages":[],"meta":{}},{"ancestorTitles":["Scheduling Simulation"],"fullName":"Scheduling Simulation should handle alternating Good/Again pattern","status":"passed","title":"should handle alternating Good/Again pattern","duration":1.1702080000000024,"failureMessages":[],"meta":{}},{"ancestorTitles":["Scheduling Simulation"],"fullName":"Scheduling Simulation should maintain learning progression through a full session","status":"passed","title":"should maintain learning progression through a full session","duration":0.39187500000025466,"failureMessages":[],"meta":{}}],"startTime":1765446623011,"endTime":1765446623040.3918,"status":"passed","message":"","name":"/Users/albertotrigo/Documents/polskimine/src/core/srs/scheduler.comprehensive.test.ts"},{"assertionResults":[{"ancestorTitles":["scheduler - Extreme Numeric Edge Cases","Extreme Stability Values"],"fullName":"scheduler - Extreme Numeric Edge Cases Extreme Stability Values should handle stability = 0","status":"passed","title":"should handle stability = 0","duration":4.822542000000112,"failureMessages":[],"meta":{}},{"ancestorTitles":["scheduler - Extreme Numeric Edge Cases","Extreme Stability Values"],"fullName":"scheduler - Extreme Numeric Edge Cases Extreme Stability Values should handle stability = 0.001 (very low)","status":"passed","title":"should handle stability = 0.001 (very low)","duration":0.8867499999996653,"failureMessages":[],"meta":{}},{"ancestorTitles":["scheduler - Extreme Numeric Edge Cases","Extreme Stability Values"],"fullName":"scheduler - Extreme Numeric Edge Cases Extreme Stability Values should handle stability = 1000 (very high)","status":"passed","title":"should handle stability = 1000 (very high)","duration":0.8983330000000933,"failureMessages":[],"meta":{}},{"ancestorTitles":["scheduler - Extreme Numeric Edge Cases","Extreme Stability Values"],"fullName":"scheduler - Extreme Numeric Edge Cases Extreme Stability Values should handle stability = Number.MAX_SAFE_INTEGER","status":"passed","title":"should handle stability = Number.MAX_SAFE_INTEGER","duration":0.34016699999983757,"failureMessages":[],"meta":{}},{"ancestorTitles":["scheduler - Extreme Numeric Edge Cases","Extreme Stability Values"],"fullName":"scheduler - Extreme Numeric Edge Cases Extreme Stability Values should handle stability = Number.MIN_VALUE (smallest positive)","status":"passed","title":"should handle stability = Number.MIN_VALUE (smallest positive)","duration":0.21487500000012005,"failureMessages":[],"meta":{}},{"ancestorTitles":["scheduler - Extreme Numeric Edge Cases","Extreme Stability Values"],"fullName":"scheduler - Extreme Numeric Edge Cases Extreme Stability Values should handle negative stability","status":"passed","title":"should handle negative stability","duration":0.17970800000011877,"failureMessages":[],"meta":{}},{"ancestorTitles":["scheduler - Extreme Numeric Edge Cases","Extreme Stability Values"],"fullName":"scheduler - Extreme Numeric Edge Cases Extreme Stability Values should handle Infinity stability","status":"passed","title":"should handle Infinity stability","duration":0.19070800000008603,"failureMessages":[],"meta":{}},{"ancestorTitles":["scheduler - Extreme Numeric Edge Cases","Extreme Stability Values"],"fullName":"scheduler - Extreme Numeric Edge Cases Extreme Stability Values should handle -Infinity stability","status":"passed","title":"should handle -Infinity stability","duration":0.23824999999987995,"failureMessages":[],"meta":{}},{"ancestorTitles":["scheduler - Extreme Numeric Edge Cases","Extreme Difficulty Values"],"fullName":"scheduler - Extreme Numeric Edge Cases Extreme Difficulty Values should handle difficulty = 0","status":"passed","title":"should handle difficulty = 0","duration":0.8006669999999758,"failureMessages":[],"meta":{}},{"ancestorTitles":["scheduler - Extreme Numeric Edge Cases","Extreme Difficulty Values"],"fullName":"scheduler - Extreme Numeric Edge Cases Extreme Difficulty Values should handle difficulty = 1 (minimum)","status":"passed","title":"should handle difficulty = 1 (minimum)","duration":2.971125000000029,"failureMessages":[],"meta":{}},{"ancestorTitles":["scheduler - Extreme Numeric Edge Cases","Extreme Difficulty Values"],"fullName":"scheduler - Extreme Numeric Edge Cases Extreme Difficulty Values should handle difficulty = 10 (maximum)","status":"passed","title":"should handle difficulty = 10 (maximum)","duration":0.8390409999997246,"failureMessages":[],"meta":{}},{"ancestorTitles":["scheduler - Extreme Numeric Edge Cases","Extreme Difficulty Values"],"fullName":"scheduler - Extreme Numeric Edge Cases Extreme Difficulty Values should handle difficulty = 11 (exceeds max)","status":"passed","title":"should handle difficulty = 11 (exceeds max)","duration":0.36758300000019517,"failureMessages":[],"meta":{}},{"ancestorTitles":["scheduler - Extreme Numeric Edge Cases","Extreme Difficulty Values"],"fullName":"scheduler - Extreme Numeric Edge Cases Extreme Difficulty Values should handle negative difficulty","status":"passed","title":"should handle negative difficulty","duration":0.30741600000010294,"failureMessages":[],"meta":{}},{"ancestorTitles":["scheduler - Extreme Numeric Edge Cases","Extreme Difficulty Values"],"fullName":"scheduler - Extreme Numeric Edge Cases Extreme Difficulty Values should handle Infinity difficulty","status":"passed","title":"should handle Infinity difficulty","duration":0.2722079999998641,"failureMessages":[],"meta":{}},{"ancestorTitles":["scheduler - Extreme Numeric Edge Cases","Extreme Interval Values"],"fullName":"scheduler - Extreme Numeric Edge Cases Extreme Interval Values should handle interval = 0","status":"passed","title":"should handle interval = 0","duration":0.32541700000001583,"failureMessages":[],"meta":{}},{"ancestorTitles":["scheduler - Extreme Numeric Edge Cases","Extreme Interval Values"],"fullName":"scheduler - Extreme Numeric Edge Cases Extreme Interval Values should handle interval = 365 (1 year)","status":"passed","title":"should handle interval = 365 (1 year)","duration":0.41745799999989686,"failureMessages":[],"meta":{}},{"ancestorTitles":["scheduler - Extreme Numeric Edge Cases","Extreme Interval Values"],"fullName":"scheduler - Extreme Numeric Edge Cases Extreme Interval Values should handle interval = 3650 (10 years)","status":"passed","title":"should handle interval = 3650 (10 years)","duration":0.26945800000021336,"failureMessages":[],"meta":{}},{"ancestorTitles":["scheduler - Extreme Numeric Edge Cases","Extreme Interval Values"],"fullName":"scheduler - Extreme Numeric Edge Cases Extreme Interval Values should handle interval = 0.0001 (very small)","status":"passed","title":"should handle interval = 0.0001 (very small)","duration":0.14491699999962293,"failureMessages":[],"meta":{}},{"ancestorTitles":["scheduler - Extreme Numeric Edge Cases","Extreme Interval Values"],"fullName":"scheduler - Extreme Numeric Edge Cases Extreme Interval Values should handle Infinity interval","status":"passed","title":"should handle Infinity interval","duration":0.12420800000018062,"failureMessages":[],"meta":{}},{"ancestorTitles":["scheduler - Extreme Numeric Edge Cases","Extreme Interval Values"],"fullName":"scheduler - Extreme Numeric Edge Cases Extreme Interval Values should handle -Infinity interval","status":"passed","title":"should handle -Infinity interval","duration":0.09145900000021356,"failureMessages":[],"meta":{}},{"ancestorTitles":["scheduler - Extreme Numeric Edge Cases","Extreme Reps and Lapses Values"],"fullName":"scheduler - Extreme Numeric Edge Cases Extreme Reps and Lapses Values should handle reps = 0","status":"passed","title":"should handle reps = 0","duration":0.09637500000008004,"failureMessages":[],"meta":{}},{"ancestorTitles":["scheduler - Extreme Numeric Edge Cases","Extreme Reps and Lapses Values"],"fullName":"scheduler - Extreme Numeric Edge Cases Extreme Reps and Lapses Values should handle reps = 10000 (very high)","status":"passed","title":"should handle reps = 10000 (very high)","duration":0.7417080000000169,"failureMessages":[],"meta":{}},{"ancestorTitles":["scheduler - Extreme Numeric Edge Cases","Extreme Reps and Lapses Values"],"fullName":"scheduler - Extreme Numeric Edge Cases Extreme Reps and Lapses Values should handle lapses = 0","status":"passed","title":"should handle lapses = 0","duration":0.4665839999997843,"failureMessages":[],"meta":{}},{"ancestorTitles":["scheduler - Extreme Numeric Edge Cases","Extreme Reps and Lapses Values"],"fullName":"scheduler - Extreme Numeric Edge Cases Extreme Reps and Lapses Values should handle lapses = 100 (very high)","status":"passed","title":"should handle lapses = 100 (very high)","duration":0.354167000000416,"failureMessages":[],"meta":{}},{"ancestorTitles":["scheduler - Extreme Numeric Edge Cases","Extreme Reps and Lapses Values"],"fullName":"scheduler - Extreme Numeric Edge Cases Extreme Reps and Lapses Values should handle negative reps (passes through without clamping)","status":"passed","title":"should handle negative reps (passes through without clamping)","duration":0.2990420000000995,"failureMessages":[],"meta":{}},{"ancestorTitles":["scheduler - Extreme Numeric Edge Cases","Extreme Reps and Lapses Values"],"fullName":"scheduler - Extreme Numeric Edge Cases Extreme Reps and Lapses Values should handle negative lapses (passes through without clamping)","status":"passed","title":"should handle negative lapses (passes through without clamping)","duration":0.5793749999997999,"failureMessages":[],"meta":{}},{"ancestorTitles":["scheduler - Extreme Numeric Edge Cases","Extreme Elapsed Days Values"],"fullName":"scheduler - Extreme Numeric Edge Cases Extreme Elapsed Days Values should handle elapsed_days = 0","status":"passed","title":"should handle elapsed_days = 0","duration":0.34500000000025466,"failureMessages":[],"meta":{}},{"ancestorTitles":["scheduler - Extreme Numeric Edge Cases","Extreme Elapsed Days Values"],"fullName":"scheduler - Extreme Numeric Edge Cases Extreme Elapsed Days Values should handle elapsed_days = 365","status":"passed","title":"should handle elapsed_days = 365","duration":0.27062500000010914,"failureMessages":[],"meta":{}},{"ancestorTitles":["scheduler - Extreme Numeric Edge Cases","Extreme Elapsed Days Values"],"fullName":"scheduler - Extreme Numeric Edge Cases Extreme Elapsed Days Values should handle negative elapsed_days","status":"passed","title":"should handle negative elapsed_days","duration":0.25679200000013225,"failureMessages":[],"meta":{}},{"ancestorTitles":["scheduler - Date Edge Cases","Overdue Cards"],"fullName":"scheduler - Date Edge Cases Overdue Cards should handle card overdue by 1 hour","status":"passed","title":"should handle card overdue by 1 hour","duration":0.41208400000004985,"failureMessages":[],"meta":{}},{"ancestorTitles":["scheduler - Date Edge Cases","Overdue Cards"],"fullName":"scheduler - Date Edge Cases Overdue Cards should handle card overdue by 1 day","status":"passed","title":"should handle card overdue by 1 day","duration":0.322791000000052,"failureMessa
[...]
storTitles":["Dashboard"],"fullName":"Dashboard displays 'caught up' message when no cards are due or new","status":"passed","title":"displays 'caught up' message when no cards are due or new","duration":57.51679100000001,"failureMessages":[],"meta":{}},{"ancestorTitles":["Dashboard"],"fullName":"Dashboard displays correct breakdown for mixed states","status":"passed","title":"displays correct breakdown for mixed states","duration":9.687166999999931,"failureMessages":[],"meta":{}},{"ancestorTitles":["Dashboard"],"fullName":"Dashboard groups learning and relearning (lapses) together as 'learning'","status":"passed","title":"groups learning and relearning (lapses) together as 'learning'","duration":13.907625000000053,"failureMessages":[],"meta":{}},{"ancestorTitles":["Dashboard"],"fullName":"Dashboard displays only new cards correctly","status":"passed","title":"displays only new cards correctly","duration":16.08325000000002,"failureMessages":[],"meta":{}},{"ancestorTitles":["Dashboard"],"fullName":"Dashboard disables 'Start Session' button when caught up","status":"passed","title":"disables 'Start Session' button when caught up","duration":156.7370410000001,"failureMessages":[],"meta":{}},{"ancestorTitles":["Dashboard"],"fullName":"Dashboard enables 'Start Session' button when there are cards to review","status":"passed","title":"enables 'Start Session' button when there are cards to review","duration":65.08241599999997,"failureMessages":[],"meta":{}}],"startTime":1765446620035,"endTime":1765446620355.0825,"status":"passed","message":"","name":"/Users/albertotrigo/Documents/polskimine/src/features/dashboard/components/Dashboard.test.tsx"},{"assertionResults":[{"ancestorTitles":["createNewCard"],"fullName":"createNewCard should include a created_at timestamp","status":"passed","title":"should include a created_at timestamp","duration":2.0023749999999154,"failureMessages":[],"meta":{}}],"startTime":1765446625145,"endTime":1765446625147.0024,"status":"passed","message":"","name":"/Users/albertotrigo/Documents/polskimine/src/features/collection/utils/cardFactory.test.ts"},{"assertionResults":[{"ancestorTitles":["calculateDashboardMetrics"],"fullName":"calculateDashboardMetrics should show all available new cards if within limit","status":"passed","title":"should show all available new cards if within limit","duration":0.6597080000000233,"failureMessages":[],"meta":{}},{"ancestorTitles":["calculateDashboardMetrics"],"fullName":"calculateDashboardMetrics should cap new cards at the remaining limit","status":"passed","title":"should cap new cards at the remaining limit","duration":0.1474999999999227,"failureMessages":[],"meta":{}},{"ancestorTitles":["calculateDashboardMetrics"],"fullName":"calculateDashboardMetrics should show 0 new cards if limit is reached","status":"passed","title":"should show 0 new cards if limit is reached","duration":0.06791699999996581,"failureMessages":[],"meta":{}},{"ancestorTitles":["calculateDashboardMetrics"],"fullName":"calculateDashboardMetrics should show 0 new cards if limit is exceeded","status":"passed","title":"should show 0 new cards if limit is exceeded","duration":0.10999999999989996,"failureMessages":[],"meta":{}},{"ancestorTitles":["calculateDashboardMetrics"],"fullName":"calculateDashboardMetrics should handle 0 counts correctly","status":"passed","title":"should handle 0 counts correctly","duration":0.056207999999969616,"failureMessages":[],"meta":{}},{"ancestorTitles":["calculateDashboardMetrics"],"fullName":"calculateDashboardMetrics should handle 0 limit correctly","status":"passed","title":"should handle 0 limit correctly","duration":0.06208400000002712,"failureMessages":[],"meta":{}}],"startTime":1765446625882,"endTime":1765446625883.11,"status":"passed","message":"","name":"/Users/albertotrigo/Documents/polskimine/src/features/dashboard/logic/dashboardMetrics.test.ts"},{"assertionResults":[{"ancestorTitles":["SettingsContent"],"fullName":"SettingsContent renders settings sections","status":"passed","title":"renders settings sections","duration":482.86145799999986,"failureMessages":[],"meta":{}},{"ancestorTitles":["SettingsContent"],"fullName":"SettingsContent updates display name","status":"passed","title":"updates display name","duration":2262.7915000000003,"failureMessages":[],"meta":{}},{"ancestorTitles":["SettingsContent"],"fullName":"SettingsContent rendering passes without crash","status":"passed","title":"rendering passes without crash","duration":203.76220900000044,"failureMessages":[],"meta":{}}],"startTime":1765446620558,"endTime":1765446623506.7622,"status":"passed","message":"","name":"/Users/albertotrigo/Documents/polskimine/src/features/settings/components/SettingsPage.test.tsx"},{"assertionResults":[{"ancestorTitles":["AddCardModal"],"fullName":"AddCardModal renders nothing when not open","status":"passed","title":"renders nothing when not open","duration":39.59545800000001,"failureMessages":[],"meta":{}},{"ancestorTitles":["AddCardModal"],"fullName":"AddCardModal renders form when open","status":"passed","title":"renders form when open","duration":232.4753340000002,"failureMessages":[],"meta":{}},{"ancestorTitles":["AddCardModal"],"fullName":"AddCardModal validates required fields","status":"passed","title":"validates required fields","duration":161.24216699999988,"failureMessages":[],"meta":{}},{"ancestorTitles":["AddCardModal"],"fullName":"AddCardModal submits valid form","status":"passed","title":"submits valid form","duration":639.662875,"failureMessages":[],"meta":{}},{"ancestorTitles":["AddCardModal"],"fullName":"AddCardModal calls auto-fill on button click","status":"passed","title":"calls auto-fill on button click","duration":423.26245800000015,"failureMessages":[],"meta":{}}],"startTime":1765446619063,"endTime":1765446620559.2625,"status":"passed","message":"","name":"/Users/albertotrigo/Documents/polskimine/src/features/collection/components/AddCardModal.test.tsx"},{"assertionResults":[{"ancestorTitles":["CardList"],"fullName":"CardList renders list of cards with correct content","status":"passed","title":"renders list of cards with correct content","duration":38.217750000000024,"failureMessages":[],"meta":{}},{"ancestorTitles":["CardList"],"fullName":"CardList renders empty state correctly","status":"passed","title":"renders empty state correctly","duration":12.170292000000018,"failureMessages":[],"meta":{}},{"ancestorTitles":["CardList"],"fullName":"CardList triggers row click action (view history)","status":"passed","title":"triggers row click action (view history)","duration":226.400625,"failureMessages":[],"meta":{}},{"ancestorTitles":["CardList"],"fullName":"CardList renders HTML in sentence column","status":"passed","title":"renders HTML in sentence column","duration":3.846166999999923,"failureMessages":[],"meta":{}},{"ancestorTitles":["CardList"],"fullName":"CardList passes columnVisibility props to DataTable","status":"passed","title":"passes columnVisibility props to DataTable","duration":4.1127500000000055,"failureMessages":[],"meta":{}},{"ancestorTitles":["CardList"],"fullName":"CardList triggers onColumnVisibilityChange when table requests it","status":"passed","title":"triggers onColumnVisibilityChange when table requests it","duration":34.20920799999999,"failureMessages":[],"meta":{}},{"ancestorTitles":["CardList"],"fullName":"CardList triggers action buttons correctly","status":"passed","title":"triggers action buttons correctly","duration":92.8257500000002,"failureMessages":[],"meta":{}},{"ancestorTitles":["CardList"],"fullName":"CardList handles selection toggle","status":"passed","title":"handles selection toggle","duration":30.46400000000017,"failureMessages":[],"meta":{}}],"startTime":1765446619553,"endTime":1765446619995.464,"status":"passed","message":"","name":"/Users/albertotrigo/Documents/polskimine/src/features/collection/components/CardList.test.tsx"},{"assertionResults":[{"ancestorTitles":["sessionReducer checkSchedule - Skip Learning Wait"],"fullName":"sessionReducer checkSchedule - Skip Learning Wait should wait for learning card when ignoreLearningSteps is false","status":"passed","title":"should wait for learning card when ignoreLearningSteps is false","duration":0.8147910000000138,"failureMessages":[],"meta":{}},{"ancestorTitles":["sessionReducer checkSchedule - Skip Learning Wait"],"fullName":"sessionReducer checkSchedule - Skip Learning Wait should skip wait for learning card when ignoreLearningSteps is true","status":"passed","title":"should skip wait for learning card when ignoreLearningSteps is true","duration":0.1392080000000533,"failureMessages":[],"meta":{}},{"ancestorTitles":["sessionReducer checkSchedule - Skip Learning Wait"],"fullName":"sessionReducer checkSchedule - Skip Learning Wait should NOT skip wait for review card even if ignoreLearningSteps is true","status":"passed","title":"should NOT skip wait for review card even if ignoreLearningSteps is true","duration":0.14704200000005585,"failureMessages":[],"meta":{}},{"ancestorTitles":["sessionReducer checkSchedule - Skip Learning Wait"],"fullName":"sessionReducer checkSchedule - Skip Learning Wait should find and show waiting learning card if head is waiting review card","status":"passed","title":"should find and show waiting learning card if head is waiting review card","duration":0.15058299999986957,"failureMessages":[],"meta":{}}],"startTime":1765446627154,"endTime":1765446627155.1506,"status":"passed","message":"","name":"/Users/albertotrigo/Documents/polskimine/src/features/study/logic/sessionReducer.checkSchedule.repro.test.ts"},{"assertionResults":[{"ancestorTitles":["sessionReducer"],"fullName":"sessionReducer should insert replacement new card after the last new card in the queue","status":"passed","title":"should insert replacement new card after the last new card in the queue","duration":1.48637500000018,"failureMessages":[],"meta":{}},{"ancestorTitles":["sessionReducer"],"fullName":"sessionReducer should insert replacement new card at the beginning if no other new cards exist","status":"passed","title":"should insert replacement new card at the beginning if no other new cards exist","duration":0.24879200000009405,"failureMessages":[],"meta":{}}],"startTime":1765446627018,"endTime":1765446627019.4863,"status":"passed","message":"","name":"/Users/albertotrigo/Documents/polskimine/src/features/study/logic/sessionReducer.test.ts"},{"assertionResults":[{"ancestorTitles":["useFlashcardAudio"],"fullName":"useFlashcardAudio should play normal speed for autoplay and set next click to slow","status":"passed","title":"should play normal speed for autoplay and set next click to slow","duration":41.480249999999955,"failureMessages":[],"meta":{}},{"ancestorTitles":["useFlashcardAudio"],"fullName":"useFlashcardAudio should play target word first if option is enabled","status":"passed","title":"should play target word first if option is enabled","duration":63.25991699999997,"failureMessages":[],"meta":{}}],"startTime":1765446621708,"endTime":1765446621813.26,"status":"passed","message":"","name":"/Users/albertotrigo/Documents/polskimine/src/features/study/hooks/useFlashcardAudio.test.tsx"},{"assertionResults":[{"ancestorTitles":["useStudyQueue"],"fullName":"useStudyQueue should NOT reset session progress when dueCards prop updates","status":"passed","title":"should NOT reset session progress when dueCards prop updates","duration":37.10833300000013,"failureMessages":[],"meta":{}},{"ancestorTitles":["useStudyQueue"],"fullName":"useStudyQueue should revert card state on undo (single card scenario)","status":"passed","title":"should revert card state on undo (single card scenario)","duration":3.0482919999999467,"failureMessages":[],"meta":{}},{"ancestorTitles":["useStudyQueue"],"fullName":"useStudyQueue should update current card when updateAction is called","status":"passed","title":"should update current card when updateAction is called","duration":12.107457999999951,"failureMessages":[],"meta":{}}],"startTime":1765446623634,"endTime":1765446623686.1074,"status":"passed","message":"","name":"/Users/albertotrigo/Documents/polskimine/src/features/study/hooks/useStudyQueue.test.tsx"},{"assertionResults":[{"ancestorTitles":["Flashcard"],"fullName":"Flashcard renders front by default","status":"passed","title":"renders front by default","duration":43.22220900000002,"failureMessages":[],"meta":{}},{"ancestorTitles":["Flashcard"],"fullName":"Flashcard renders back when flipped","status":"passed","title":"renders back when flipped","duration":22.37791699999991,"failureMessages":[],"meta":{}},{"ancestorTitles":["Flashcard"],"fullName":"Flashcard shows translation when provided","status":"passed","title":"shows translation when provided","duration":14.263041000000044,"failureMessages":[],"meta":{}},{"ancestorTitles":["Flashcard"],"fullName":"Flashcard hides translation when disabled","status":"passed","title":"hides translation when disabled","duration":22.183959000000073,"failureMessages":[],"meta":{}},{"ancestorTitles":["Flashcard"],"fullName":"Flashcard shows full sentence on front when card is new and showFullSentenceOnNew is true","status":"passed","title":"shows full sentence on front when card is new and showFullSentenceOnNew is true","duration":11.304124999999999,"failureMessages":[],"meta":{}},{"ancestorTitles":["Flashcard"],"fullName":"Flashcard shows target word on front when card is new but showFullSentenceOnNew is false","status":"passed","title":"shows target word on front when card is new but showFullSentenceOnNew is false","duration":20.54483300000004,"failureMessages":[],"meta":{}},{"ancestorTitles":["Flashcard"],"fullName":"Flashcard shows target word on front when card is review even if showFullSentenceOnNew is true","status":"passed","title":"shows target word on front when card is review even if showFullSentenceOnNew is true","duration":15.338333000000034,"failureMessages":[],"meta":{}},{"ancestorTitles":["Flashcard"],"fullName":"Flashcard passes handleModifyCard to SelectionMenu when selection exists","status":"passed","title":"passes handleModifyCard to SelectionMenu when selection exists","duration":20.10079200000007,"failureMessages":[],"meta":{}}],"startTime":1765446621246,"endTime":1765446621416.1008,"status":"passed","message":"","name":"/Users/albertotrigo/Documents/polskimine/src/features/study/components/Flashcard.test.tsx"},{"assertionResults":[{"ancestorTitles":["SelectionMenu"],"fullName":"SelectionMenu renders basic buttons","status":"passed","title":"renders basic buttons","duration":49.05162500000006,"failureMessages":[],"meta":{}},{"ancestorTitles":["SelectionMenu"],"fullName":"SelectionMenu calls onAnalyze when Analyze clicked","status":"passed","title":"calls onAnalyze when Analyze clicked","duration":5.966875000000073,"failureMessages":[],"meta":{}},{"ancestorTitles":["SelectionMenu"],"fullName":"SelectionMenu calls onGenerateCard when Create Card clicked","status":"passed","title":"calls onGenerateCard when Create Card clicked","duration":4.48170899999991,"failureMessages":[],"meta":{}},{"ancestorTitles":["SelectionMenu"],"fullName":"SelectionMenu opens modify options when Modify clicked","status":"passed","title":"opens modify options when Modify clicked","duration":26.365042000000017,"failureMessages":[],"meta":{}},{"ancestorTitles":["SelectionMenu"],"fullName":"SelectionMenu calls onModifyCard with 'easier' when Easier clicked","status":"passed","title":"calls onModifyCard with 'easier' when Easier clicked","duration":25.04124999999999,"failureMessages":[],"meta":{}},{"ancestorTitles":["SelectionMenu"],"fullName":"SelectionMenu calls onModifyCard with 'harder' when Harder clicked","status":"passed","title":"calls onModifyCard with 'harder' when Harder clicked","duration":8.56108400000005,"failureMessages":[],"meta":{}},{"ancestorTitles":["SelectionMenu"],"fullName":"SelectionMenu does not render Modify button if onModifyCard is undefined","status":"passed","title":"does not render Modify button if onModifyCard is undefined","duration":18.052832999999964,"failureMessages":[],"meta":{}},{"ancestorTitles":["SelectionMenu"],"fullName":"SelectionMenu closes modify options when close button clicked","status":"passed","title":"closes modify options when close button clicked","duration":6.809708999999998,"failureMessages":[],"meta":{}}],"startTime":1765446620829,"endTime":1765446620973.8098,"status":"passed","message":"","name":"/Users/albertotrigo/Documents/polskimine/src/features/study/components/SelectionMenu.test.tsx"},{"assertionResults":[{"ancestorTitles":["Settings Features Integration","Blind Mode"],"fullName":"Settings Features Integration Blind Mode should render microphone icon and hide text when blind mode is enabled via prop","status":"passed","title":"should render microphone icon and hide text when blind mode is enabled via prop","duration":32.081416999999874,"failureMessages":[],"meta":{}},{"ancestorTitles":["Settings Features Integration","Blind Mode"],"fullName":"Settings Features Integration Blind Mode should render text visibly when blind mode is disabled","status":"passed","title":"should render text visibly when blind mode is disabled","duration":3.332458000000088,"failureMessages":[],"meta":{}},{"ancestorTitles":["Settings Features Integration","Show Whole Sentence On Front"],"fullName":"Settings Features Integration Show Whole Sentence On Front should render target word on front by default (when disabled)","status":"passed","title":"should render target word on front by default (when disabled)","duration":2.991166000000021,"failureMessages":[],"meta":{}},{"ancestorTitles":["Settings Features Integration","Show Whole Sentence On Front"],"fullName":"Settings Features Integration Show Whole Sentence On Front should render target sentence on front when enabled","status":"passed","title":"should render target sentence on front when enabled","duration":2.0539580000001934,"failureMessages":[],"meta":{}},{"ancestorTitles":["Settings Features Integration","Binary Rating Mode"],"fullName":"Settings Features Integration Binary Rating Mode should render only Again and Good buttons when enabled","status":"passed","title":"should render only Again and Good buttons when enabled","duration":13.835000000000036,"failureMessages":[],"meta":{}},{"ancestorTitles":["Settings Features Integration","Binary Rating Mode"],"fullName":"Settings Features Integration Binary Rating Mode should render all 4 buttons when disabled","status":"passed","title":"should render all 4 buttons when disabled","duration":6.629249999999956,"failureMessages":[],"meta":{}}],"startTime":1765446620874,"endTime":1765446620934.6292,"status":"passed","message":"","name":"/Users/albertotrigo/Documents/polskimine/src/features/study/components/SettingsFeatures.test.tsx"},{"assertionResults":[{"ancestorTitles":["StudyFooter"],"fullName":"StudyFooter renders Show Answer button when not flipped","status":"passed","title":"renders Show Answer button when not flipped","duration":40.76645899999994,"failureMessages":[],"meta":{}},{"ancestorTitles":["StudyFooter"],"fullName":"StudyFooter renders standard grading buttons when flipped and not binary mode","status":"passed","title":"renders standard grading buttons when flipped and not binary mode","duration":6.470207999999957,"failureMessages":[],"meta":{}},{"ancestorTitles":["StudyFooter"],"fullName":"StudyFooter renders binary grading buttons when flipped and binary mode","status":"passed","title":"renders binary grading buttons when flipped and binary mode","duration":12.443624999999884,"failureMessages":[],"meta":{}},{"ancestorTitles":["StudyFooter"],"fullName":"StudyFooter calls onGrade with correct grade","status":"passed","title":"calls onGrade with correct grade","duration":7.014125000000149,"failureMessages":[],"meta":{}}],"startTime":1765446621632,"endTime":1765446621699.0142,"status":"passed","message":"","name":"/Users/albertotrigo/Documents/polskimine/src/features/study/components/StudyFooter.test.tsx"}]}